Change Value of Parameter Manufacturer Number in Part U2 Old=ADA4001-2ARZ New= ADA4001-2ARZ
Change Value of Parameter Manufacturer Number in Part U2 Old=ADA4001-2ARZ New= ADA4001-2ARZ
Change Value of Parameter Manufacturer Number in Part U2 Old=ADA4001-2ARZ New= ADA4001-2ARZ
Added Parameter 3D Model path= to Part C1
Added Parameter 3D Model path= to Part C2
Added Parameter 3D Model path= to Part C3
Added Parameter 3D Model path= to Part C4
Added Parameter 3D Model path= to Part C5
Added Parameter 3D Model path= to Part C6
Added Parameter 3D Model path= to Part C7
Added Parameter 3D Model path= to Part C8
Added Parameter 3D Model path= to Part C9
Added Parameter 3D Model path= to Part C10
Added Parameter 3D Model path= to Part C11
Added Parameter 3D Model path= to Part C12
Added Parameter 3D Model path= to Part R1
Added Parameter 3D Model path= to Part R2
Added Parameter 3D Model path= to Part R3
Added Parameter 3D Model path= to Part R4
Added Parameter 3D Model path= to Part R5
Added Parameter 3D Model path= to Part R6
Added Parameter 3D Model path= to Part R7
Added Parameter 3D Model path= to Part R8
Added Parameter 3D Model path= to Part R9
Added Parameter 3D Model path= to Part R10
Added Parameter 3D Model path= to Part R11
Added Parameter 3D Model path= to Part R12
Added Parameter 3D Model path= to Part R13
Added Parameter 3D Model path= to Part R14
Added Parameter 3D Model path= to Part R15
Added Parameter 3D Model path= to Part R16
Added Parameter 3D Model path= to Part R17
Added Parameter 3D Model path= to Part R18
Added Parameter 3D Model path= to Part R19
Added Parameter 3D Model path= to Part R20
Added Parameter 3D Model path= to Part R21
Added Parameter 3D Model path= to Part R22
Added Parameter 3D Model path= to Part R23
Added Parameter 3D Model path= to Part R24
Added Parameter 3D Model path= to Part R25
Added Parameter 3D Model path= to Part R26
Added Parameter 3D Model path= to Part R27
Added Parameter 3D Model path= to Part R28
Added Parameter 3D Model path= to Part R29
Added Parameter 3D Model path= to Part R30
Added Parameter 3D Model path= to Part R31
Added Parameter 3D Model path= to Part TP1
Added Parameter 3D Model path= to Part TP2
Added Parameter 3D Model path= to Part TP3
Added Parameter 3D Model path= to Part TP4
Added Parameter 3D Model path= to Part TP5
Added Parameter 3D Model path= to Part TP6
Added Parameter 3D Model path= to Part TP7
Added Parameter 3D Model path= to Part TP8
Added Parameter 3D Model path= to Part U1
Added Parameter 3D Model path= to Part U1
Added Parameter 3D Model path= to Part U1
Added Parameter 3D Model path= to Part U1
Added Parameter 3D Model path= to Part U1
Added Parameter 3D Model path= to Part U2
Added Parameter 3D Model path= to Part U2
Added Parameter 3D Model path= to Part U2
Added Parameter 3D Model path= to Part U3
Added Parameter 3D Model path= to Part U4
Added Parameter 3D Model ref= to Part C1
Added Parameter 3D Model ref= to Part C2
Added Parameter 3D Model ref= to Part C3
Added Parameter 3D Model ref= to Part C4
Added Parameter 3D Model ref= to Part C5
Added Parameter 3D Model ref= to Part C6
Added Parameter 3D Model ref= to Part C7
Added Parameter 3D Model ref= to Part C8
Added Parameter 3D Model ref= to Part C9
Added Parameter 3D Model ref= to Part C10
Added Parameter 3D Model ref= to Part C11
Added Parameter 3D Model ref= to Part C12
Added Parameter 3D Model ref= to Part R1
Added Parameter 3D Model ref= to Part R2
Added Parameter 3D Model ref= to Part R3
Added Parameter 3D Model ref= to Part R4
Added Parameter 3D Model ref= to Part R5
Added Parameter 3D Model ref= to Part R6
Added Parameter 3D Model ref= to Part R7
Added Parameter 3D Model ref= to Part R8
Added Parameter 3D Model ref= to Part R9
Added Parameter 3D Model ref= to Part R10
Added Parameter 3D Model ref= to Part R11
Added Parameter 3D Model ref= to Part R12
Added Parameter 3D Model ref= to Part R13
Added Parameter 3D Model ref= to Part R14
Added Parameter 3D Model ref= to Part R15
Added Parameter 3D Model ref= to Part R16
Added Parameter 3D Model ref= to Part R17
Added Parameter 3D Model ref= to Part R18
Added Parameter 3D Model ref= to Part R19
Added Parameter 3D Model ref= to Part R20
Added Parameter 3D Model ref= to Part R21
Added Parameter 3D Model ref= to Part R22
Added Parameter 3D Model ref= to Part R23
Added Parameter 3D Model ref= to Part R24
Added Parameter 3D Model ref= to Part R25
Added Parameter 3D Model ref= to Part R26
Added Parameter 3D Model ref= to Part R27
Added Parameter 3D Model ref= to Part R28
Added Parameter 3D Model ref= to Part R29
Added Parameter 3D Model ref= to Part R30
Added Parameter 3D Model ref= to Part R31
Added Parameter 3D Model ref= to Part TP1
Added Parameter 3D Model ref= to Part TP2
Added Parameter 3D Model ref= to Part TP3
Added Parameter 3D Model ref= to Part TP4
Added Parameter 3D Model ref= to Part TP5
Added Parameter 3D Model ref= to Part TP6
Added Parameter 3D Model ref= to Part TP7
Added Parameter 3D Model ref= to Part TP8
Added Parameter 3D Model ref= to Part U1
Added Parameter 3D Model ref= to Part U1
Added Parameter 3D Model ref= to Part U1
Added Parameter 3D Model ref= to Part U1
Added Parameter 3D Model ref= to Part U1
Added Parameter 3D Model ref= to Part U2
Added Parameter 3D Model ref= to Part U2
Added Parameter 3D Model ref= to Part U2
Added Parameter 3D Model ref= to Part U3
Added Parameter 3D Model ref= to Part U4
Added Parameter ComponentLink1Description= to Part C9
Added Parameter ComponentLink1URL= to Part C9
Added Parameter Dealer=Farnell to Part R1
Added Parameter Dealer=Farnell to Part R2
Added Parameter Dealer=Farnell to Part R3
Added Parameter Dealer=Farnell to Part R4
Added Parameter Dealer=Farnell to Part R7
Added Parameter Dealer=Farnell to Part R8
Added Parameter Dealer=Farnell to Part R9
Added Parameter Dealer=Farnell to Part R10
Added Parameter Dealer=Farnell to Part R11
Added Parameter Dealer=Farnell to Part R12
Added Parameter Dealer=Farnell to Part R13
Added Parameter Dealer=Farnell to Part R14
Added Parameter Dealer=Farnell to Part R16
Added Parameter Dealer=Farnell to Part R17
Added Parameter Dealer=Farnell to Part R19
Added Parameter Dealer=Farnell to Part R20
Added Parameter Dealer=Farnell to Part R21
Added Parameter Dealer=Farnell to Part R22
Added Parameter Dealer=Farnell to Part R23
Added Parameter Dealer=Farnell to Part R24
Added Parameter Dealer=Farnell to Part R25
Added Parameter Dealer=Farnell to Part R26
Added Parameter Dealer=Farnell to Part R28
Added Parameter Dealer=Farnell to Part R29
Added Parameter Dealer=Farnell to Part R30
Added Parameter Dealer=Farnell to Part R31
Added Parameter Dealer number=1577634 to Part R1
Added Parameter Dealer number=1577634 to Part R2
Added Parameter Dealer number=1577634 to Part R3
Added Parameter Dealer number=1577634 to Part R4
Added Parameter Dealer number=1577634 to Part R7
Added Parameter Dealer number=1577634 to Part R8
Added Parameter Dealer number=1577634 to Part R9
Added Parameter Dealer number=1577634 to Part R10
Added Parameter Dealer number=1577634 to Part R11
Added Parameter Dealer number=1577634 to Part R12
Added Parameter Dealer number=1577634 to Part R13
Added Parameter Dealer number=1577634 to Part R14
Added Parameter Dealer number=1577634 to Part R16
Added Parameter Dealer number=1577634 to Part R17
Added Parameter Dealer number=1577634 to Part R19
Added Parameter Dealer number=1577634 to Part R20
Added Parameter Dealer number=1577634 to Part R21
Added Parameter Dealer number=1577634 to Part R22
Added Parameter Dealer number=1577634 to Part R23
Added Parameter Dealer number=1577634 to Part R24
Added Parameter Dealer number=1577634 to Part R25
Added Parameter Dealer number=1577634 to Part R26
Added Parameter Dealer number=1577634 to Part R28
Added Parameter Dealer number=1577634 to Part R29
Added Parameter Dealer number=1577634 to Part R30
Added Parameter Dealer number=1577634 to Part R31
Added Parameter ESL= to Part C1
Added Parameter ESL= to Part C2
Added Parameter ESL= to Part C3
Added Parameter ESL= to Part C4
Added Parameter ESL= to Part C5
Added Parameter ESL= to Part C6
Added Parameter ESL= to Part C7
Added Parameter ESL= to Part C8
Added Parameter ESL= to Part C9
Added Parameter ESL= to Part C10
Added Parameter ESL= to Part C11
Added Parameter ESL= to Part C12
Added Parameter ESR= to Part C1
Added Parameter ESR= to Part C2
Added Parameter ESR= to Part C3
Added Parameter ESR= to Part C4
Added Parameter ESR= to Part C5
Added Parameter ESR= to Part C6
Added Parameter ESR= to Part C7
Added Parameter ESR= to Part C8
Added Parameter ESR= to Part C9
Added Parameter ESR= to Part C10
Added Parameter ESR= to Part C11
Added Parameter ESR= to Part C12
Added Parameter SKU= to Part C1
Added Parameter SKU= to Part C2
Added Parameter SKU= to Part C3
Added Parameter SKU= to Part C8
Added Parameter SKU= to Part C10
Added Parameter SKU= to Part C11
Added Parameter SKU= to Part C12
Added Parameter SKU= to Part R1
Added Parameter SKU= to Part R2
Added Parameter SKU= to Part R3
Added Parameter SKU= to Part R4
Added Parameter SKU= to Part R5
Added Parameter SKU= to Part R6
Added Parameter SKU= to Part R7
Added Parameter SKU= to Part R8
Added Parameter SKU= to Part R9
Added Parameter SKU= to Part R10
Added Parameter SKU= to Part R11
Added Parameter SKU= to Part R12
Added Parameter SKU= to Part R13
Added Parameter SKU= to Part R14
Added Parameter SKU= to Part R15
Added Parameter SKU= to Part R16
Added Parameter SKU= to Part R17
Added Parameter SKU= to Part R18
Added Parameter SKU= to Part R19
Added Parameter SKU= to Part R20
Added Parameter SKU= to Part R21
Added Parameter SKU= to Part R22
Added Parameter SKU= to Part R23
Added Parameter SKU= to Part R24
Added Parameter SKU= to Part R25
Added Parameter SKU= to Part R26
Added Parameter SKU= to Part R27
Added Parameter SKU= to Part R28
Added Parameter SKU= to Part R29
Added Parameter SKU= to Part R30
Added Parameter SKU= to Part R31
Added Parameter Slew rate= to Part U1
Added Parameter Slew rate= to Part U1
Added Parameter Slew rate= to Part U1
Added Parameter Slew rate= to Part U1
Added Parameter Slew rate= to Part U1
Added Parameter Slew rate= to Part U4
Added Parameter Stock= to Part C1
Added Parameter Stock= to Part C2
Added Parameter Stock= to Part C3
Added Parameter Stock= to Part C4
Added Parameter Stock= to Part C5
Added Parameter Stock= to Part C6
Added Parameter Stock= to Part C7
Added Parameter Stock= to Part C8
Added Parameter Stock= to Part C9
Added Parameter Stock= to Part C10
Added Parameter Stock= to Part C11
Added Parameter Stock= to Part C12
Added Parameter Stock= to Part R1
Added Parameter Stock= to Part R2
Added Parameter Stock= to Part R3
Added Parameter Stock= to Part R4
Added Parameter Stock= to Part R5
Added Parameter Stock= to Part R6
Added Parameter Stock= to Part R7
Added Parameter Stock= to Part R8
Added Parameter Stock= to Part R9
Added Parameter Stock= to Part R10
Added Parameter Stock= to Part R11
Added Parameter Stock= to Part R12
Added Parameter Stock= to Part R13
Added Parameter Stock= to Part R14
Added Parameter Stock= to Part R15
Added Parameter Stock= to Part R16
Added Parameter Stock= to Part R17
Added Parameter Stock= to Part R18
Added Parameter Stock= to Part R19
Added Parameter Stock= to Part R20
Added Parameter Stock= to Part R21
Added Parameter Stock= to Part R22
Added Parameter Stock= to Part R23
Added Parameter Stock= to Part R24
Added Parameter Stock= to Part R25
Added Parameter Stock= to Part R26
Added Parameter Stock= to Part R27
Added Parameter Stock= to Part R28
Added Parameter Stock= to Part R29
Added Parameter Stock= to Part R30
Added Parameter Stock= to Part R31
Added Parameter Stock= to Part U1
Added Parameter Stock= to Part U1
Added Parameter Stock= to Part U1
Added Parameter Stock= to Part U1
Added Parameter Stock= to Part U1
Added Parameter Stock= to Part U2
Added Parameter Stock= to Part U2
Added Parameter Stock= to Part U2
Added Parameter Stock= to Part U3
Added Parameter Stock= to Part U4
Added Parameter Supply voltage min= to Part U2
Added Parameter Supply voltage min= to Part U2
Added Parameter Supply voltage min= to Part U2
