Replace Part C1 Capacitor in D:\GoogleDrive\my_documents\projects\FE\USB DAQ\REV_B2\Analog.SchDoc with Capacitor from components.DbLib
Replace Part C2 Capacitor in D:\GoogleDrive\my_documents\projects\FE\USB DAQ\REV_B2\Analog.SchDoc with Capacitor from components.DbLib
Replace Part C3 Capacitor in D:\GoogleDrive\my_documents\projects\FE\USB DAQ\REV_B2\Analog.SchDoc with Capacitor from components.DbLib
Replace Part C4 Capacitor in D:\GoogleDrive\my_documents\projects\FE\USB DAQ\REV_B2\Analog.SchDoc with Capacitor from components.DbLib
Replace Part C5 Capacitor in D:\GoogleDrive\my_documents\projects\FE\USB DAQ\REV_B2\Analog.SchDoc with Capacitor from components.DbLib
Replace Part C6 Capacitor in D:\GoogleDrive\my_documents\projects\FE\USB DAQ\REV_B2\Analog.SchDoc with Capacitor from components.DbLib
Replace Part C7 Capacitor in D:\GoogleDrive\my_documents\projects\FE\USB DAQ\REV_B2\Analog.SchDoc with Capacitor from components.DbLib
Replace Part C8 Capacitor in D:\GoogleDrive\my_documents\projects\FE\USB DAQ\REV_B2\Analog.SchDoc with Capacitor from components.DbLib
Replace Part C9 Capacitor in D:\GoogleDrive\my_documents\projects\FE\USB DAQ\REV_B2\Analog.SchDoc with Capacitor from components.DbLib
Replace Part C10 Capacitor in D:\GoogleDrive\my_documents\projects\FE\USB DAQ\REV_B2\Analog.SchDoc with Capacitor from components.DbLib
Replace Part C11 Capacitor in D:\GoogleDrive\my_documents\projects\FE\USB DAQ\REV_B2\Analog.SchDoc with Capacitor from components.DbLib
Replace Part C12 Capacitor in D:\GoogleDrive\my_documents\projects\FE\USB DAQ\REV_B2\Analog.SchDoc with Capacitor from components.DbLib
Replace Part R1 Resistor in D:\GoogleDrive\my_documents\projects\FE\USB DAQ\REV_B2\Analog.SchDoc with Resistor from components.DbLib
Replace Part R2 Resistor in D:\GoogleDrive\my_documents\projects\FE\USB DAQ\REV_B2\Analog.SchDoc with Resistor from components.DbLib
Replace Part R3 Resistor in D:\GoogleDrive\my_documents\projects\FE\USB DAQ\REV_B2\Analog.SchDoc with Resistor from components.DbLib
Replace Part R4 Resistor in D:\GoogleDrive\my_documents\projects\FE\USB DAQ\REV_B2\Analog.SchDoc with Resistor from components.DbLib
Replace Part R5 Resistor in D:\GoogleDrive\my_documents\projects\FE\USB DAQ\REV_B2\Analog.SchDoc with Resistor from components.DbLib
Replace Part R6 Resistor in D:\GoogleDrive\my_documents\projects\FE\USB DAQ\REV_B2\Analog.SchDoc with Resistor from components.DbLib
Replace Part R7 Resistor in D:\GoogleDrive\my_documents\projects\FE\USB DAQ\REV_B2\Analog.SchDoc with Resistor from components.DbLib
Replace Part R8 Resistor in D:\GoogleDrive\my_documents\projects\FE\USB DAQ\REV_B2\Analog.SchDoc with Resistor from components.DbLib
Replace Part R9 Resistor in D:\GoogleDrive\my_documents\projects\FE\USB DAQ\REV_B2\Analog.SchDoc with Resistor from components.DbLib
Replace Part R10 Resistor in D:\GoogleDrive\my_documents\projects\FE\USB DAQ\REV_B2\Analog.SchDoc with Resistor from components.DbLib
Replace Part R11 Resistor in D:\GoogleDrive\my_documents\projects\FE\USB DAQ\REV_B2\Analog.SchDoc with Resistor from components.DbLib
Replace Part R12 Resistor in D:\GoogleDrive\my_documents\projects\FE\USB DAQ\REV_B2\Analog.SchDoc with Resistor from components.DbLib
Replace Part R13 Resistor in D:\GoogleDrive\my_documents\projects\FE\USB DAQ\REV_B2\Analog.SchDoc with Resistor from components.DbLib
Replace Part R14 Resistor in D:\GoogleDrive\my_documents\projects\FE\USB DAQ\REV_B2\Analog.SchDoc with Resistor from components.DbLib
Replace Part R15 Resistor in D:\GoogleDrive\my_documents\projects\FE\USB DAQ\REV_B2\Analog.SchDoc with Resistor from components.DbLib
Replace Part R16 Resistor in D:\GoogleDrive\my_documents\projects\FE\USB DAQ\REV_B2\Analog.SchDoc with Resistor from components.DbLib
Replace Part R17 Resistor in D:\GoogleDrive\my_documents\projects\FE\USB DAQ\REV_B2\Analog.SchDoc with Resistor from components.DbLib
Replace Part R18 Resistor in D:\GoogleDrive\my_documents\projects\FE\USB DAQ\REV_B2\Analog.SchDoc with Resistor from components.DbLib
Replace Part R19 Resistor in D:\GoogleDrive\my_documents\projects\FE\USB DAQ\REV_B2\Analog.SchDoc with Resistor from components.DbLib
Replace Part R20 Resistor in D:\GoogleDrive\my_documents\projects\FE\USB DAQ\REV_B2\Analog.SchDoc with Resistor from components.DbLib
Replace Part R21 Resistor in D:\GoogleDrive\my_documents\projects\FE\USB DAQ\REV_B2\Analog.SchDoc with Resistor from components.DbLib
Replace Part R22 Resistor in D:\GoogleDrive\my_documents\projects\FE\USB DAQ\REV_B2\Analog.SchDoc with Resistor from components.DbLib
Replace Part R23 Resistor in D:\GoogleDrive\my_documents\projects\FE\USB DAQ\REV_B2\Analog.SchDoc with Resistor from components.DbLib
Replace Part R24 Resistor in D:\GoogleDrive\my_documents\projects\FE\USB DAQ\REV_B2\Analog.SchDoc with Resistor from components.DbLib
Replace Part R25 Resistor in D:\GoogleDrive\my_documents\projects\FE\USB DAQ\REV_B2\Analog.SchDoc with Resistor from components.DbLib
Replace Part R26 Resistor in D:\GoogleDrive\my_documents\projects\FE\USB DAQ\REV_B2\Analog.SchDoc with Resistor from components.DbLib
Replace Part R27 Resistor in D:\GoogleDrive\my_documents\projects\FE\USB DAQ\REV_B2\Analog.SchDoc with Resistor from components.DbLib
Replace Part R28 Resistor in D:\GoogleDrive\my_documents\projects\FE\USB DAQ\REV_B2\Analog.SchDoc with Resistor from components.DbLib
Replace Part R29 Resistor in D:\GoogleDrive\my_documents\projects\FE\USB DAQ\REV_B2\Analog.SchDoc with Resistor from components.DbLib
Replace Part R30 Resistor in D:\GoogleDrive\my_documents\projects\FE\USB DAQ\REV_B2\Analog.SchDoc with Resistor from components.DbLib
Replace Part R31 Resistor in D:\GoogleDrive\my_documents\projects\FE\USB DAQ\REV_B2\Analog.SchDoc with Resistor from components.DbLib
Replace Part TP1 Test Point in D:\GoogleDrive\my_documents\projects\FE\USB DAQ\REV_B2\Analog.SchDoc with Test Point from components.DbLib
Replace Part TP2 Test Point in D:\GoogleDrive\my_documents\projects\FE\USB DAQ\REV_B2\Analog.SchDoc with Test Point from components.DbLib
Replace Part TP3 Test Point in D:\GoogleDrive\my_documents\projects\FE\USB DAQ\REV_B2\Analog.SchDoc with Test Point from components.DbLib
Replace Part TP4 Test Point in D:\GoogleDrive\my_documents\projects\FE\USB DAQ\REV_B2\Analog.SchDoc with Test Point from components.DbLib
Replace Part TP5 Test Point in D:\GoogleDrive\my_documents\projects\FE\USB DAQ\REV_B2\Analog.SchDoc with Test Point from components.DbLib
Replace Part TP6 Test Point in D:\GoogleDrive\my_documents\projects\FE\USB DAQ\REV_B2\Analog.SchDoc with Test Point from components.DbLib
Replace Part TP7 Test Point in D:\GoogleDrive\my_documents\projects\FE\USB DAQ\REV_B2\Analog.SchDoc with Test Point from components.DbLib
Replace Part TP8 Test Point in D:\GoogleDrive\my_documents\projects\FE\USB DAQ\REV_B2\Analog.SchDoc with Test Point from components.DbLib
Replace Part U1 OPAMP_QUAD_1 in D:\GoogleDrive\my_documents\projects\FE\USB DAQ\REV_B2\Analog.SchDoc with OPAMP_QUAD_1 from components.DbLib
Replace Part U1 OPAMP_QUAD_1 in D:\GoogleDrive\my_documents\projects\FE\USB DAQ\REV_B2\Analog.SchDoc with OPAMP_QUAD_1 from components.DbLib
Replace Part U1 OPAMP_QUAD_1 in D:\GoogleDrive\my_documents\projects\FE\USB DAQ\REV_B2\Analog.SchDoc with OPAMP_QUAD_1 from components.DbLib
Replace Part U1 OPAMP_QUAD_1 in D:\GoogleDrive\my_documents\projects\FE\USB DAQ\REV_B2\Analog.SchDoc with OPAMP_QUAD_1 from components.DbLib
Replace Part U1 OPAMP_QUAD_1 in D:\GoogleDrive\my_documents\projects\FE\USB DAQ\REV_B2\Analog.SchDoc with OPAMP_QUAD_1 from components.DbLib
Replace Part U2 OPAMP_DUAL_1 in D:\GoogleDrive\my_documents\projects\FE\USB DAQ\REV_B2\Analog.SchDoc with OPAMP_DUAL_1 from components.DbLib
Replace Part U2 OPAMP_DUAL_1 in D:\GoogleDrive\my_documents\projects\FE\USB DAQ\REV_B2\Analog.SchDoc with OPAMP_DUAL_1 from components.DbLib
Replace Part U2 OPAMP_DUAL_1 in D:\GoogleDrive\my_documents\projects\FE\USB DAQ\REV_B2\Analog.SchDoc with OPAMP_DUAL_1 from components.DbLib
Replace Part U3 ADR3525W in D:\GoogleDrive\my_documents\projects\FE\USB DAQ\REV_B2\Analog.SchDoc with ADR3525W from components.DbLib
Replace Part U4 OPAMP_SINGLE_1 in D:\GoogleDrive\my_documents\projects\FE\USB DAQ\REV_B2\Analog.SchDoc with OPAMP_SINGLE_1 from components.DbLib
