Change Component Parameter Comment in J1 Old= New=
Change Component Parameter Comment in J2 Old= New=
Added Parameter 3D Model path= to Part C14
Added Parameter 3D Model path= to Part F1
Added Parameter 3D Model path= to Part J1
Added Parameter 3D Model path= to Part J2
Added Parameter 3D Model path= to Part R32
Added Parameter 3D Model path= to Part R33
Added Parameter 3D Model path= to Part R34
Added Parameter 3D Model path= to Part R35
Added Parameter 3D Model path= to Part R36
Added Parameter 3D Model path= to Part R37
Added Parameter 3D Model path= to Part R38
Added Parameter 3D Model path= to Part R39
Added Parameter 3D Model path= to Part R40
Added Parameter 3D Model path= to Part R41
Added Parameter 3D Model path= to Part R42
Added Parameter 3D Model path= to Part R60
Added Parameter 3D Model path= to Part U5
Added Parameter 3D Model path= to Part U6
Added Parameter 3D Model path= to Part U7
Added Parameter 3D Model ref= to Part C14
Added Parameter 3D Model ref= to Part F1
Added Parameter 3D Model ref= to Part J1
Added Parameter 3D Model ref= to Part J2
Added Parameter 3D Model ref= to Part R32
Added Parameter 3D Model ref= to Part R33
Added Parameter 3D Model ref= to Part R34
Added Parameter 3D Model ref= to Part R35
Added Parameter 3D Model ref= to Part R36
Added Parameter 3D Model ref= to Part R37
Added Parameter 3D Model ref= to Part R38
Added Parameter 3D Model ref= to Part R39
Added Parameter 3D Model ref= to Part R40
Added Parameter 3D Model ref= to Part R41
Added Parameter 3D Model ref= to Part R42
Added Parameter 3D Model ref= to Part R60
Added Parameter 3D Model ref= to Part U5
Added Parameter 3D Model ref= to Part U6
Added Parameter 3D Model ref= to Part U7
Added Parameter Dealer=Farnell to Part J1
Added Parameter Dealer=Farnell to Part U5
Added Parameter Dealer=Farnell to Part U6
Added Parameter Dealer=Farnell to Part U7
Added Parameter Dealer number=1106736 to Part J1
Added Parameter Dealer number=2400968 to Part U5
Added Parameter Dealer number=2400968 to Part U6
Added Parameter Dealer number=2400968 to Part U7
Added Parameter ESL= to Part C14
Added Parameter ESR= to Part C14
Added Parameter HelpURL= to Part J1
Added Parameter SKU= to Part C14
Added Parameter SKU= to Part R32
Added Parameter SKU= to Part R33
Added Parameter SKU= to Part R34
Added Parameter SKU= to Part R35
Added Parameter SKU= to Part R36
Added Parameter SKU= to Part R37
Added Parameter SKU= to Part R38
Added Parameter SKU= to Part R39
Added Parameter SKU= to Part R40
Added Parameter SKU= to Part R41
Added Parameter SKU= to Part R60
Added Parameter Stock= to Part C14
Added Parameter Stock= to Part F1
Added Parameter Stock= to Part J1
Added Parameter Stock= to Part J2
Added Parameter Stock= to Part R32
Added Parameter Stock= to Part R33
Added Parameter Stock= to Part R34
Added Parameter Stock= to Part R35
Added Parameter Stock= to Part R36
Added Parameter Stock= to Part R37
Added Parameter Stock= to Part R38
Added Parameter Stock= to Part R39
Added Parameter Stock= to Part R40
Added Parameter Stock= to Part R41
Added Parameter Stock= to Part R42
Added Parameter Stock= to Part R60
Added Parameter Stock= to Part U5
Added Parameter Stock= to Part U6
Added Parameter Stock= to Part U7
