Change Value of Parameter Manufacturer in Part R43 Old=Vishay New= Vishay
Change Value of Parameter Manufacturer in Part R44 Old=Vishay New= Vishay
Change Value of Parameter Manufacturer in Part R45 Old=Vishay New= Vishay
Change Value of Parameter Manufacturer in Part R46 Old=Vishay New= Vishay
Change Value of Parameter Manufacturer in Part R47 Old=Vishay New= Vishay
Change Component Parameter Comment in U8 Old= New= MC78L12ACDG
Change Value of Parameter Manufacturer Number in Part U8 Old=MC78L12ACDG New= MC78L12ACDG
Change Value of Parameter Manufacturer Number in Part U11 Old=MC79L12ACDG New= MC79L12ACDG
Change Value of Parameter Temperature range in Part U12 Old=-40°C to +85°C New= -40°C to +85°C
Added Parameter 3D Model path= to Part C13
Added Parameter 3D Model path= to Part C15
Added Parameter 3D Model path= to Part C16
Added Parameter 3D Model path= to Part C17
Added Parameter 3D Model path= to Part C18
Added Parameter 3D Model path= to Part C19
Added Parameter 3D Model path= to Part C20
Added Parameter 3D Model path= to Part C21
Added Parameter 3D Model path= to Part C22
Added Parameter 3D Model path= to Part C23
Added Parameter 3D Model path= to Part C24
Added Parameter 3D Model path= to Part C25
Added Parameter 3D Model path= to Part C26
Added Parameter 3D Model path= to Part C27
Added Parameter 3D Model path= to Part C28
Added Parameter 3D Model path= to Part C29
Added Parameter 3D Model path= to Part C30
Added Parameter 3D Model path= to Part C31
Added Parameter 3D Model path= to Part C32
Added Parameter 3D Model path= to Part C33
Added Parameter 3D Model path= to Part C34
Added Parameter 3D Model path= to Part C35
Added Parameter 3D Model path= to Part C36
Added Parameter 3D Model path= to Part C37
Added Parameter 3D Model path= to Part C38
Added Parameter 3D Model path= to Part C39
Added Parameter 3D Model path= to Part C40
Added Parameter 3D Model path= to Part C41
Added Parameter 3D Model path= to Part C42
Added Parameter 3D Model path= to Part C43
Added Parameter 3D Model path= to Part C44
Added Parameter 3D Model path= to Part C45
Added Parameter 3D Model path= to Part C55
Added Parameter 3D Model path= to Part C56
Added Parameter 3D Model path= to Part C57
Added Parameter 3D Model path= to Part D1
Added Parameter 3D Model path= to Part D2
Added Parameter 3D Model path= to Part L1
Added Parameter 3D Model path= to Part L2
Added Parameter 3D Model path= to Part L3
Added Parameter 3D Model path= to Part L4
Added Parameter 3D Model path= to Part L5
Added Parameter 3D Model path= to Part L6
Added Parameter 3D Model path= to Part L7
Added Parameter 3D Model path= to Part L8
Added Parameter 3D Model path= to Part Q1
Added Parameter 3D Model path= to Part R43
Added Parameter 3D Model path= to Part R44
Added Parameter 3D Model path= to Part R45
Added Parameter 3D Model path= to Part R46
Added Parameter 3D Model path= to Part R47
Added Parameter 3D Model path= to Part R48
Added Parameter 3D Model path= to Part TP9
Added Parameter 3D Model path= to Part TP10
Added Parameter 3D Model path= to Part TP11
Added Parameter 3D Model path= to Part TP12
Added Parameter 3D Model path= to Part TP13
Added Parameter 3D Model path= to Part TP14
Added Parameter 3D Model path= to Part U8
Added Parameter 3D Model path= to Part U9
Added Parameter 3D Model path= to Part U10
Added Parameter 3D Model path= to Part U11
Added Parameter 3D Model path= to Part U12
Added Parameter 3D Model path= to Part U14
Added Parameter 3D Model ref= to Part C13
Added Parameter 3D Model ref= to Part C15
Added Parameter 3D Model ref= to Part C16
Added Parameter 3D Model ref= to Part C17
Added Parameter 3D Model ref= to Part C18
Added Parameter 3D Model ref= to Part C19
Added Parameter 3D Model ref= to Part C20
Added Parameter 3D Model ref= to Part C21
Added Parameter 3D Model ref= to Part C22
Added Parameter 3D Model ref= to Part C23
Added Parameter 3D Model ref= to Part C24
Added Parameter 3D Model ref= to Part C25
Added Parameter 3D Model ref= to Part C26
Added Parameter 3D Model ref= to Part C27
Added Parameter 3D Model ref= to Part C28
Added Parameter 3D Model ref= to Part C29
Added Parameter 3D Model ref= to Part C30
Added Parameter 3D Model ref= to Part C31
Added Parameter 3D Model ref= to Part C32
Added Parameter 3D Model ref= to Part C33
Added Parameter 3D Model ref= to Part C34
Added Parameter 3D Model ref= to Part C35
Added Parameter 3D Model ref= to Part C36
Added Parameter 3D Model ref= to Part C37
Added Parameter 3D Model ref= to Part C38
Added Parameter 3D Model ref= to Part C39
Added Parameter 3D Model ref= to Part C40
Added Parameter 3D Model ref= to Part C41
Added Parameter 3D Model ref= to Part C42
Added Parameter 3D Model ref= to Part C43
Added Parameter 3D Model ref= to Part C44
Added Parameter 3D Model ref= to Part C45
Added Parameter 3D Model ref= to Part C55
Added Parameter 3D Model ref= to Part C56
Added Parameter 3D Model ref= to Part C57
Added Parameter 3D Model ref= to Part D1
Added Parameter 3D Model ref= to Part D2
Added Parameter 3D Model ref= to Part L1
Added Parameter 3D Model ref= to Part L2
Added Parameter 3D Model ref= to Part L3
Added Parameter 3D Model ref= to Part L4
Added Parameter 3D Model ref= to Part L5
Added Parameter 3D Model ref= to Part L6
Added Parameter 3D Model ref= to Part L7
Added Parameter 3D Model ref= to Part L8
Added Parameter 3D Model ref= to Part Q1
Added Parameter 3D Model ref= to Part R43
Added Parameter 3D Model ref= to Part R44
Added Parameter 3D Model ref= to Part R45
Added Parameter 3D Model ref= to Part R46
Added Parameter 3D Model ref= to Part R47
Added Parameter 3D Model ref= to Part R48
Added Parameter 3D Model ref= to Part TP9
Added Parameter 3D Model ref= to Part TP10
Added Parameter 3D Model ref= to Part TP11
Added Parameter 3D Model ref= to Part TP12
Added Parameter 3D Model ref= to Part TP13
Added Parameter 3D Model ref= to Part TP14
Added Parameter 3D Model ref= to Part U8
Added Parameter 3D Model ref= to Part U9
Added Parameter 3D Model ref= to Part U10
Added Parameter 3D Model ref= to Part U11
Added Parameter 3D Model ref= to Part U12
Added Parameter 3D Model ref= to Part U14
Added Parameter ComponentLink1Description= to Part C15
Added Parameter ComponentLink1Description= to Part C18
Added Parameter ComponentLink1Description= to Part C19
Added Parameter ComponentLink1Description= to Part C21
Added Parameter ComponentLink1Description= to Part C22
Added Parameter ComponentLink1Description= to Part C23
Added Parameter ComponentLink1Description= to Part C25
Added Parameter ComponentLink1Description= to Part C26
Added Parameter ComponentLink1Description= to Part C28
Added Parameter ComponentLink1Description= to Part C29
Added Parameter ComponentLink1Description= to Part C36
Added Parameter ComponentLink1Description= to Part C40
Added Parameter ComponentLink1Description= to Part C41
Added Parameter ComponentLink1Description= to Part C55
Added Parameter ComponentLink1Description= to Part C56
Added Parameter ComponentLink1URL= to Part C15
Added Parameter ComponentLink1URL= to Part C18
Added Parameter ComponentLink1URL= to Part C19
Added Parameter ComponentLink1URL= to Part C21
Added Parameter ComponentLink1URL= to Part C22
Added Parameter ComponentLink1URL= to Part C23
Added Parameter ComponentLink1URL= to Part C25
Added Parameter ComponentLink1URL= to Part C26
Added Parameter ComponentLink1URL= to Part C28
Added Parameter ComponentLink1URL= to Part C29
Added Parameter ComponentLink1URL= to Part C36
Added Parameter ComponentLink1URL= to Part C40
Added Parameter ComponentLink1URL= to Part C41
Added Parameter ComponentLink1URL= to Part C55
Added Parameter ComponentLink1URL= to Part C56
Added Parameter Dealer=Farnell to Part L2
Added Parameter Dealer=Farnell to Part L3
Added Parameter Dealer number=2407927 to Part L2
Added Parameter Dealer number=2407927 to Part L3
Added Parameter ESL= to Part C13
Added Parameter ESL= to Part C15
Added Parameter ESL= to Part C16
Added Parameter ESL= to Part C17
Added Parameter ESL= to Part C18
Added Parameter ESL= to Part C19
Added Parameter ESL= to Part C20
Added Parameter ESL= to Part C21
Added Parameter ESL= to Part C22
Added Parameter ESL= to Part C23
Added Parameter ESL= to Part C24
Added Parameter ESL= to Part C25
Added Parameter ESL= to Part C26
Added Parameter ESL= to Part C27
Added Parameter ESL= to Part C28
Added Parameter ESL= to Part C29
Added Parameter ESL= to Part C30
Added Parameter ESL= to Part C31
Added Parameter ESL= to Part C32
Added Parameter ESL= to Part C33
Added Parameter ESL= to Part C34
Added Parameter ESL= to Part C35
Added Parameter ESL= to Part C36
Added Parameter ESL= to Part C37
Added Parameter ESL= to Part C38
Added Parameter ESL= to Part C39
Added Parameter ESL= to Part C40
Added Parameter ESL= to Part C41
Added Parameter ESL= to Part C42
Added Parameter ESL= to Part C43
Added Parameter ESL= to Part C44
Added Parameter ESL= to Part C45
Added Parameter ESL= to Part C55
Added Parameter ESL= to Part C56
Added Parameter ESL= to Part C57
Added Parameter ESR= to Part C15
Added Parameter ESR= to Part C17
Added Parameter ESR= to Part C18
Added Parameter ESR= to Part C19
Added Parameter ESR= to Part C21
Added Parameter ESR= to Part C22
Added Parameter ESR= to Part C23
Added Parameter ESR= to Part C25
Added Parameter ESR= to Part C26
Added Parameter ESR= to Part C28
Added Parameter ESR= to Part C29
Added Parameter ESR= to Part C30
Added Parameter ESR= to Part C32
Added Parameter ESR= to Part C33
Added Parameter ESR= to Part C34
Added Parameter ESR= to Part C35
Added Parameter ESR= to Part C36
Added Parameter ESR= to Part C37
Added Parameter ESR= to Part C38
Added Parameter ESR= to Part C39
Added Parameter ESR= to Part C40
Added Parameter ESR= to Part C41
Added Parameter ESR= to Part C42
Added Parameter ESR= to Part C43
Added Parameter ESR= to Part C44
Added Parameter ESR= to Part C45
Added Parameter ESR= to Part C55
Added Parameter ESR= to Part C56
Added Parameter I quiscent= to Part U10
Added Parameter Rth= to Part U8
Added Parameter Rth= to Part U9
Added Parameter Rth= to Part U11
Added Parameter Rth= to Part U14
Added Parameter SKU= to Part C13
Added Parameter SKU= to Part C16
Added Parameter SKU= to Part C17
Added Parameter SKU= to Part C20
Added Parameter SKU= to Part C24
Added Parameter SKU= to Part C27
Added Parameter SKU= to Part C30
Added Parameter SKU= to Part C31
Added Parameter SKU= to Part C32
Added Parameter SKU= to Part C35
Added Parameter SKU= to Part C37
Added Parameter SKU= to Part C38
Added Parameter SKU= to Part C39
Added Parameter SKU= to Part C42
Added Parameter SKU= to Part C43
Added Parameter SKU= to Part C44
Added Parameter SKU= to Part C45
Added Parameter SKU= to Part C57
Added Parameter SKU= to Part Q1
Added Parameter SKU= to Part R45
Added Parameter SKU= to Part U8
Added Parameter SKU= to Part U9
Added Parameter SKU= to Part U10
Added Parameter SKU= to Part U11
Added Parameter SKU= to Part U14
Added Parameter Stock= to Part C13
Added Parameter Stock= to Part C15
Added Parameter Stock= to Part C16
Added Parameter Stock= to Part C17
Added Parameter Stock= to Part C18
Added Parameter Stock= to Part C19
Added Parameter Stock= to Part C20
Added Parameter Stock= to Part C21
Added Parameter Stock= to Part C22
Added Parameter Stock= to Part C23
Added Parameter Stock= to Part C24
Added Parameter Stock= to Part C25
Added Parameter Stock= to Part C26
Added Parameter Stock= to Part C27
Added Parameter Stock= to Part C28
Added Parameter Stock= to Part C29
Added Parameter Stock= to Part C30
Added Parameter Stock= to Part C31
Added Parameter Stock= to Part C32
Added Parameter Stock= to Part C33
Added Parameter Stock= to Part C34
Added Parameter Stock= to Part C35
Added Parameter Stock= to Part C36
Added Parameter Stock= to Part C37
Added Parameter Stock= to Part C38
Added Parameter Stock= to Part C39
Added Parameter Stock= to Part C40
Added Parameter Stock= to Part C41
Added Parameter Stock= to Part C42
Added Parameter Stock= to Part C43
Added Parameter Stock= to Part C44
Added Parameter Stock= to Part C45
Added Parameter Stock= to Part C55
Added Parameter Stock= to Part C56
Added Parameter Stock= to Part C57
Added Parameter Stock= to Part D1
Added Parameter Stock= to Part D2
Added Parameter Stock= to Part L1
Added Parameter Stock= to Part L2
Added Parameter Stock= to Part L3
Added Parameter Stock= to Part L4
Added Parameter Stock= to Part L5
Added Parameter Stock= to Part L6
Added Parameter Stock= to Part L7
Added Parameter Stock= to Part L8
Added Parameter Stock= to Part Q1
Added Parameter Stock= to Part R43
Added Parameter Stock= to Part R44
Added Parameter Stock= to Part R45
Added Parameter Stock= to Part R46
Added Parameter Stock= to Part R47
Added Parameter Stock= to Part R48
Added Parameter Stock= to Part U8
Added Parameter Stock= to Part U9
Added Parameter Stock= to Part U10
Added Parameter Stock= to Part U11
Added Parameter Stock= to Part U12
Added Parameter Stock= to Part U14
Added Parameter Temperature coefficient= to Part D1
Added Parameter Temperature coefficient= to Part D2
Added Parameter Voltage tolerance= to Part U9
