Replace Part C13 Capacitor polarized in D:\GoogleDrive\my_documents\projects\FE\USB DAQ\REV_B2\Power_suply.SchDoc with Capacitor polarized from components.DbLib
Replace Part C15 Capacitor in D:\GoogleDrive\my_documents\projects\FE\USB DAQ\REV_B2\Power_suply.SchDoc with Capacitor from components.DbLib
Replace Part C16 Capacitor polarized in D:\GoogleDrive\my_documents\projects\FE\USB DAQ\REV_B2\Power_suply.SchDoc with Capacitor polarized from components.DbLib
Replace Part C17 Capacitor in D:\GoogleDrive\my_documents\projects\FE\USB DAQ\REV_B2\Power_suply.SchDoc with Capacitor from components.DbLib
Replace Part C18 Capacitor in D:\GoogleDrive\my_documents\projects\FE\USB DAQ\REV_B2\Power_suply.SchDoc with Capacitor from components.DbLib
Replace Part C19 Capacitor in D:\GoogleDrive\my_documents\projects\FE\USB DAQ\REV_B2\Power_suply.SchDoc with Capacitor from components.DbLib
Replace Part C20 Capacitor polarized in D:\GoogleDrive\my_documents\projects\FE\USB DAQ\REV_B2\Power_suply.SchDoc with Capacitor polarized from components.DbLib
Replace Part C21 Capacitor in D:\GoogleDrive\my_documents\projects\FE\USB DAQ\REV_B2\Power_suply.SchDoc with Capacitor from components.DbLib
Replace Part C22 Capacitor in D:\GoogleDrive\my_documents\projects\FE\USB DAQ\REV_B2\Power_suply.SchDoc with Capacitor from components.DbLib
Replace Part C23 Capacitor in D:\GoogleDrive\my_documents\projects\FE\USB DAQ\REV_B2\Power_suply.SchDoc with Capacitor from components.DbLib
Replace Part C24 Capacitor polarized in D:\GoogleDrive\my_documents\projects\FE\USB DAQ\REV_B2\Power_suply.SchDoc with Capacitor polarized from components.DbLib
Replace Part C25 Capacitor in D:\GoogleDrive\my_documents\projects\FE\USB DAQ\REV_B2\Power_suply.SchDoc with Capacitor from components.DbLib
Replace Part C26 Capacitor in D:\GoogleDrive\my_documents\projects\FE\USB DAQ\REV_B2\Power_suply.SchDoc with Capacitor from components.DbLib
Replace Part C27 Capacitor polarized in D:\GoogleDrive\my_documents\projects\FE\USB DAQ\REV_B2\Power_suply.SchDoc with Capacitor polarized from components.DbLib
Replace Part C28 Capacitor in D:\GoogleDrive\my_documents\projects\FE\USB DAQ\REV_B2\Power_suply.SchDoc with Capacitor from components.DbLib
Replace Part C29 Capacitor in D:\GoogleDrive\my_documents\projects\FE\USB DAQ\REV_B2\Power_suply.SchDoc with Capacitor from components.DbLib
Replace Part C30 Capacitor in D:\GoogleDrive\my_documents\projects\FE\USB DAQ\REV_B2\Power_suply.SchDoc with Capacitor from components.DbLib
Replace Part C31 Capacitor polarized in D:\GoogleDrive\my_documents\projects\FE\USB DAQ\REV_B2\Power_suply.SchDoc with Capacitor polarized from components.DbLib
Replace Part C32 Capacitor in D:\GoogleDrive\my_documents\projects\FE\USB DAQ\REV_B2\Power_suply.SchDoc with Capacitor from components.DbLib
Replace Part C33 Capacitor in D:\GoogleDrive\my_documents\projects\FE\USB DAQ\REV_B2\Power_suply.SchDoc with Capacitor from components.DbLib
Replace Part C34 Capacitor in D:\GoogleDrive\my_documents\projects\FE\USB DAQ\REV_B2\Power_suply.SchDoc with Capacitor from components.DbLib
Replace Part C35 Capacitor in D:\GoogleDrive\my_documents\projects\FE\USB DAQ\REV_B2\Power_suply.SchDoc with Capacitor from components.DbLib
Replace Part C36 Capacitor in D:\GoogleDrive\my_documents\projects\FE\USB DAQ\REV_B2\Power_suply.SchDoc with Capacitor from components.DbLib
Replace Part C37 Capacitor in D:\GoogleDrive\my_documents\projects\FE\USB DAQ\REV_B2\Power_suply.SchDoc with Capacitor from components.DbLib
Replace Part C38 Capacitor in D:\GoogleDrive\my_documents\projects\FE\USB DAQ\REV_B2\Power_suply.SchDoc with Capacitor from components.DbLib
Replace Part C39 Capacitor in D:\GoogleDrive\my_documents\projects\FE\USB DAQ\REV_B2\Power_suply.SchDoc with Capacitor from components.DbLib
Replace Part C40 Capacitor in D:\GoogleDrive\my_documents\projects\FE\USB DAQ\REV_B2\Power_suply.SchDoc with Capacitor from components.DbLib
Replace Part C41 Capacitor in D:\GoogleDrive\my_documents\projects\FE\USB DAQ\REV_B2\Power_suply.SchDoc with Capacitor from components.DbLib
Replace Part C42 Capacitor in D:\GoogleDrive\my_documents\projects\FE\USB DAQ\REV_B2\Power_suply.SchDoc with Capacitor from components.DbLib
Replace Part C43 Capacitor in D:\GoogleDrive\my_documents\projects\FE\USB DAQ\REV_B2\Power_suply.SchDoc with Capacitor from components.DbLib
Replace Part C44 Capacitor in D:\GoogleDrive\my_documents\projects\FE\USB DAQ\REV_B2\Power_suply.SchDoc with Capacitor from components.DbLib
Replace Part C45 Capacitor in D:\GoogleDrive\my_documents\projects\FE\USB DAQ\REV_B2\Power_suply.SchDoc with Capacitor from components.DbLib
Replace Part C55 Capacitor in D:\GoogleDrive\my_documents\projects\FE\USB DAQ\REV_B2\Power_suply.SchDoc with Capacitor from components.DbLib
Replace Part C56 Capacitor in D:\GoogleDrive\my_documents\projects\FE\USB DAQ\REV_B2\Power_suply.SchDoc with Capacitor from components.DbLib
Replace Part C57 Capacitor polarized in D:\GoogleDrive\my_documents\projects\FE\USB DAQ\REV_B2\Power_suply.SchDoc with Capacitor polarized from components.DbLib
Replace Part D1 SCHOTTKY1 in D:\GoogleDrive\my_documents\projects\FE\USB DAQ\REV_B2\Power_suply.SchDoc with SCHOTTKY1 from components.DbLib
Replace Part D2 SCHOTTKY1 in D:\GoogleDrive\my_documents\projects\FE\USB DAQ\REV_B2\Power_suply.SchDoc with SCHOTTKY1 from components.DbLib
Replace Part L1 Ferrite Bead in D:\GoogleDrive\my_documents\projects\FE\USB DAQ\REV_B2\Power_suply.SchDoc with Ferrite Bead from components.DbLib
Replace Part L2 Inductor_coupled1 in D:\GoogleDrive\my_documents\projects\FE\USB DAQ\REV_B2\Power_suply.SchDoc with Inductor_coupled1 from components.DbLib
Replace Part L3 Inductor_coupled1 in D:\GoogleDrive\my_documents\projects\FE\USB DAQ\REV_B2\Power_suply.SchDoc with Inductor_coupled1 from components.DbLib
Replace Part L4 Ferrite Bead in D:\GoogleDrive\my_documents\projects\FE\USB DAQ\REV_B2\Power_suply.SchDoc with Ferrite Bead from components.DbLib
Replace Part L5 Inductor in D:\GoogleDrive\my_documents\projects\FE\USB DAQ\REV_B2\Power_suply.SchDoc with Inductor from components.DbLib
Replace Part L6 Ferrite Bead in D:\GoogleDrive\my_documents\projects\FE\USB DAQ\REV_B2\Power_suply.SchDoc with Ferrite Bead from components.DbLib
Replace Part L7 Ferrite Bead in D:\GoogleDrive\my_documents\projects\FE\USB DAQ\REV_B2\Power_suply.SchDoc with Ferrite Bead from components.DbLib
Replace Part L8 Ferrite Bead in D:\GoogleDrive\my_documents\projects\FE\USB DAQ\REV_B2\Power_suply.SchDoc with Ferrite Bead from components.DbLib
Replace Part Q1 MOSFET_2 in D:\GoogleDrive\my_documents\projects\FE\USB DAQ\REV_B2\Power_suply.SchDoc with MOSFET_2 from components.DbLib
Replace Part R43 Resistor in D:\GoogleDrive\my_documents\projects\FE\USB DAQ\REV_B2\Power_suply.SchDoc with Resistor from components.DbLib
Replace Part R44 Resistor in D:\GoogleDrive\my_documents\projects\FE\USB DAQ\REV_B2\Power_suply.SchDoc with Resistor from components.DbLib
Replace Part R45 Resistor in D:\GoogleDrive\my_documents\projects\FE\USB DAQ\REV_B2\Power_suply.SchDoc with Resistor from components.DbLib
Replace Part R46 Resistor in D:\GoogleDrive\my_documents\projects\FE\USB DAQ\REV_B2\Power_suply.SchDoc with Resistor from components.DbLib
Replace Part R47 Resistor in D:\GoogleDrive\my_documents\projects\FE\USB DAQ\REV_B2\Power_suply.SchDoc with Resistor from components.DbLib
Replace Part R48 Resistor in D:\GoogleDrive\my_documents\projects\FE\USB DAQ\REV_B2\Power_suply.SchDoc with Resistor from components.DbLib
Replace Part TP9 Test Point in D:\GoogleDrive\my_documents\projects\FE\USB DAQ\REV_B2\Power_suply.SchDoc with Test Point from components.DbLib
Replace Part TP10 Test Point in D:\GoogleDrive\my_documents\projects\FE\USB DAQ\REV_B2\Power_suply.SchDoc with Test Point from components.DbLib
Replace Part TP11 Test Point in D:\GoogleDrive\my_documents\projects\FE\USB DAQ\REV_B2\Power_suply.SchDoc with Test Point from components.DbLib
Replace Part TP12 Test Point in D:\GoogleDrive\my_documents\projects\FE\USB DAQ\REV_B2\Power_suply.SchDoc with Test Point from components.DbLib
Replace Part TP13 Test Point in D:\GoogleDrive\my_documents\projects\FE\USB DAQ\REV_B2\Power_suply.SchDoc with Test Point from components.DbLib
Replace Part TP14 Test Point in D:\GoogleDrive\my_documents\projects\FE\USB DAQ\REV_B2\Power_suply.SchDoc with Test Point from components.DbLib
Replace Part U8 78LXX in D:\GoogleDrive\my_documents\projects\FE\USB DAQ\REV_B2\Power_suply.SchDoc with 78LXX from components.DbLib
Replace Part U9 TPS709XX in D:\GoogleDrive\my_documents\projects\FE\USB DAQ\REV_B2\Power_suply.SchDoc with TPS709XX from components.DbLib
Replace Part U10 ADP161X in D:\GoogleDrive\my_documents\projects\FE\USB DAQ\REV_B2\Power_suply.SchDoc with ADP161X from components.DbLib
Replace Part U11 79LXX in D:\GoogleDrive\my_documents\projects\FE\USB DAQ\REV_B2\Power_suply.SchDoc with 79LXX from components.DbLib
Replace Part U12 ATSAM3SXB in D:\GoogleDrive\my_documents\projects\FE\USB DAQ\REV_B2\Power_suply.SchDoc with ATSAM3SXB from components.DbLib
Replace Part U14 TPS736_1 in D:\GoogleDrive\my_documents\projects\FE\USB DAQ\REV_B2\Power_suply.SchDoc with TPS736_1 from components.DbLib
