Change Value of Parameter Manufacturer Number in Part R49 Old=RC0603JR-073K3L New=	RC0603JR-073K3L
Change Value of Parameter Manufacturer Number in Part R50 Old=RC0603JR-073K3L New=	RC0603JR-073K3L
Change Value of Parameter Manufacturer in Part R51 Old=Vishay New= Vishay
Change Value of Parameter Temperature range in Part U12 Old=-40°C to +85°C New= -40°C to +85°C
Added Parameter 3D Model path= to Part C46
Added Parameter 3D Model path= to Part C47
Added Parameter 3D Model path= to Part C48
Added Parameter 3D Model path= to Part C49
Added Parameter 3D Model path= to Part C50
Added Parameter 3D Model path= to Part J3
Added Parameter 3D Model path= to Part L9
Added Parameter 3D Model path= to Part R49
Added Parameter 3D Model path= to Part R50
Added Parameter 3D Model path= to Part R51
Added Parameter 3D Model path= to Part SB1
Added Parameter 3D Model path= to Part U12
Added Parameter 3D Model path= to Part Y2
Added Parameter 3D Model ref= to Part C46
Added Parameter 3D Model ref= to Part C47
Added Parameter 3D Model ref= to Part C48
Added Parameter 3D Model ref= to Part C49
Added Parameter 3D Model ref= to Part C50
Added Parameter 3D Model ref= to Part J3
Added Parameter 3D Model ref= to Part L9
Added Parameter 3D Model ref= to Part R49
Added Parameter 3D Model ref= to Part R50
Added Parameter 3D Model ref= to Part R51
Added Parameter 3D Model ref= to Part SB1
Added Parameter 3D Model ref= to Part U12
Added Parameter 3D Model ref= to Part Y2
Added Parameter ComponentLink1Description= to Part C48
Added Parameter ComponentLink1URL= to Part C48
Added Parameter ESL= to Part C46
Added Parameter ESL= to Part C47
Added Parameter ESL= to Part C48
Added Parameter ESL= to Part C49
Added Parameter ESL= to Part C50
Added Parameter ESR= to Part C46
Added Parameter ESR= to Part C47
Added Parameter ESR= to Part C48
Added Parameter ESR= to Part C49
Added Parameter ESR= to Part C50
Added Parameter HelpURL= to Part J3
Added Parameter Lenght= to Part J3
Added Parameter SKU= to Part R49
Added Parameter SKU= to Part R50
Added Parameter Stability= to Part Y2
Added Parameter Stock= to Part C46
Added Parameter Stock= to Part C47
Added Parameter Stock= to Part C48
Added Parameter Stock= to Part C49
Added Parameter Stock= to Part C50
Added Parameter Stock= to Part J3
Added Parameter Stock= to Part L9
Added Parameter Stock= to Part R49
Added Parameter Stock= to Part R50
Added Parameter Stock= to Part R51
Added Parameter Stock= to Part U12
Added Parameter Stock= to Part Y2
