Replace Part C58 Capacitor in D:\GoogleDrive\my_documents\projects\FE\USB DAQ\REV_B2\WIFI_Display.SchDoc with Capacitor from components.DbLib
Replace Part C59 Capacitor in D:\GoogleDrive\my_documents\projects\FE\USB DAQ\REV_B2\WIFI_Display.SchDoc with Capacitor from components.DbLib
Replace Part C60 Capacitor in D:\GoogleDrive\my_documents\projects\FE\USB DAQ\REV_B2\WIFI_Display.SchDoc with Capacitor from components.DbLib
Replace Part C61 Capacitor in D:\GoogleDrive\my_documents\projects\FE\USB DAQ\REV_B2\WIFI_Display.SchDoc with Capacitor from components.DbLib
Replace Part C63 Capacitor in D:\GoogleDrive\my_documents\projects\FE\USB DAQ\REV_B2\WIFI_Display.SchDoc with Capacitor from components.DbLib
Replace Part D4 LED in D:\GoogleDrive\my_documents\projects\FE\USB DAQ\REV_B2\WIFI_Display.SchDoc with LED from components.DbLib
Replace Part E1 ENC1 in D:\GoogleDrive\my_documents\projects\FE\USB DAQ\REV_B2\WIFI_Display.SchDoc with ENC1 from components.DbLib
Replace Part J5 MICRO_SD_1 in D:\GoogleDrive\my_documents\projects\FE\USB DAQ\REV_B2\WIFI_Display.SchDoc with MICRO_SD_1 from components.DbLib
Replace Part Q2 MOSFET_2 in D:\GoogleDrive\my_documents\projects\FE\USB DAQ\REV_B2\WIFI_Display.SchDoc with MOSFET_2 from components.DbLib
Replace Part R54 Resistor in D:\GoogleDrive\my_documents\projects\FE\USB DAQ\REV_B2\WIFI_Display.SchDoc with Resistor from components.DbLib
Replace Part R59 Resistor in D:\GoogleDrive\my_documents\projects\FE\USB DAQ\REV_B2\WIFI_Display.SchDoc with Resistor from components.DbLib
Replace Part R61 Resistor in D:\GoogleDrive\my_documents\projects\FE\USB DAQ\REV_B2\WIFI_Display.SchDoc with Resistor from components.DbLib
Replace Part R62 Resistor in D:\GoogleDrive\my_documents\projects\FE\USB DAQ\REV_B2\WIFI_Display.SchDoc with Resistor from components.DbLib
Replace Part R64 Resistor in D:\GoogleDrive\my_documents\projects\FE\USB DAQ\REV_B2\WIFI_Display.SchDoc with Resistor from components.DbLib
Replace Part R65 Resistor in D:\GoogleDrive\my_documents\projects\FE\USB DAQ\REV_B2\WIFI_Display.SchDoc with Resistor from components.DbLib
Replace Part R66 Resistor in D:\GoogleDrive\my_documents\projects\FE\USB DAQ\REV_B2\WIFI_Display.SchDoc with Resistor from components.DbLib
Replace Part R67 Resistor in D:\GoogleDrive\my_documents\projects\FE\USB DAQ\REV_B2\WIFI_Display.SchDoc with Resistor from components.DbLib
Replace Part R68 Resistor in D:\GoogleDrive\my_documents\projects\FE\USB DAQ\REV_B2\WIFI_Display.SchDoc with Resistor from components.DbLib
Replace Part R70 Resistor in D:\GoogleDrive\my_documents\projects\FE\USB DAQ\REV_B2\WIFI_Display.SchDoc with Resistor from components.DbLib
Replace Part R71 Resistor in D:\GoogleDrive\my_documents\projects\FE\USB DAQ\REV_B2\WIFI_Display.SchDoc with Resistor from components.DbLib
Replace Part R72 Resistor in D:\GoogleDrive\my_documents\projects\FE\USB DAQ\REV_B2\WIFI_Display.SchDoc with Resistor from components.DbLib
Replace Part R73 Resistor in D:\GoogleDrive\my_documents\projects\FE\USB DAQ\REV_B2\WIFI_Display.SchDoc with Resistor from components.DbLib
Replace Part U15 OLED_SSD1306 in D:\GoogleDrive\my_documents\projects\FE\USB DAQ\REV_B2\WIFI_Display.SchDoc with OLED_SSD1306 from components.DbLib
Replace Part U16 ESP-01 in D:\GoogleDrive\my_documents\projects\FE\USB DAQ\REV_B2\WIFI_Display.SchDoc with ESP-01 from components.DbLib
