Change Value of Parameter Manufacturer in Part R54 Old=Vishay New= Vishay
Change Value of Parameter Manufacturer in Part R68 Old=Vishay New= Vishay
Added Parameter 3D Model path= to Part C58
Added Parameter 3D Model path= to Part C59
Added Parameter 3D Model path= to Part C60
Added Parameter 3D Model path= to Part C61
Added Parameter 3D Model path= to Part C63
Added Parameter 3D Model path= to Part D4
Added Parameter 3D Model path= to Part E1
Added Parameter 3D Model path= to Part J5
Added Parameter 3D Model path= to Part Q2
Added Parameter 3D Model path= to Part R54
Added Parameter 3D Model path= to Part R59
Added Parameter 3D Model path= to Part R61
Added Parameter 3D Model path= to Part R62
Added Parameter 3D Model path= to Part R64
Added Parameter 3D Model path= to Part R65
Added Parameter 3D Model path= to Part R66
Added Parameter 3D Model path= to Part R67
Added Parameter 3D Model path= to Part R68
Added Parameter 3D Model path= to Part R70
Added Parameter 3D Model path= to Part R71
Added Parameter 3D Model path= to Part R72
Added Parameter 3D Model path= to Part R73
Added Parameter 3D Model path= to Part U15
Added Parameter 3D Model path= to Part U16
Added Parameter 3D Model ref= to Part C58
Added Parameter 3D Model ref= to Part C59
Added Parameter 3D Model ref= to Part C60
Added Parameter 3D Model ref= to Part C61
Added Parameter 3D Model ref= to Part C63
Added Parameter 3D Model ref= to Part D4
Added Parameter 3D Model ref= to Part E1
Added Parameter 3D Model ref= to Part J5
Added Parameter 3D Model ref= to Part Q2
Added Parameter 3D Model ref= to Part R54
Added Parameter 3D Model ref= to Part R59
Added Parameter 3D Model ref= to Part R61
Added Parameter 3D Model ref= to Part R62
Added Parameter 3D Model ref= to Part R64
Added Parameter 3D Model ref= to Part R65
Added Parameter 3D Model ref= to Part R66
Added Parameter 3D Model ref= to Part R67
Added Parameter 3D Model ref= to Part R68
Added Parameter 3D Model ref= to Part R70
Added Parameter 3D Model ref= to Part R71
Added Parameter 3D Model ref= to Part R72
Added Parameter 3D Model ref= to Part R73
Added Parameter 3D Model ref= to Part U15
Added Parameter 3D Model ref= to Part U16
Added Parameter ComponentLink1Description= to Part C61
Added Parameter ComponentLink1Description= to Part C63
Added Parameter ComponentLink1URL= to Part C61
Added Parameter ComponentLink1URL= to Part C63
Added Parameter Dealer=Farnell to Part J5
Added Parameter Dealer number=2293708 to Part J5
Added Parameter Dealer number= to Part U15
Added Parameter Dealer number= to Part U16
Added Parameter ESL= to Part C58
Added Parameter ESL= to Part C59
Added Parameter ESL= to Part C60
Added Parameter ESL= to Part C61
Added Parameter ESL= to Part C63
Added Parameter ESR= to Part C58
Added Parameter ESR= to Part C59
Added Parameter ESR= to Part C60
Added Parameter ESR= to Part C61
Added Parameter ESR= to Part C63
Added Parameter HelpURL= to Part U16
Added Parameter SKU= to Part C58
Added Parameter SKU= to Part C59
Added Parameter SKU= to Part C60
Added Parameter SKU= to Part Q2
Added Parameter SKU= to Part R59
Added Parameter SKU= to Part R61
Added Parameter SKU= to Part R62
Added Parameter SKU= to Part R64
Added Parameter SKU= to Part R65
Added Parameter SKU= to Part R66
Added Parameter SKU= to Part R67
Added Parameter SKU= to Part R70
Added Parameter SKU= to Part R71
Added Parameter SKU= to Part R72
Added Parameter SKU= to Part R73
Added Parameter Stock= to Part C58
Added Parameter Stock= to Part C59
Added Parameter Stock= to Part C60
Added Parameter Stock= to Part C61
Added Parameter Stock= to Part C63
Added Parameter Stock= to Part D4
Added Parameter Stock= to Part E1
Added Parameter Stock= to Part J5
Added Parameter Stock= to Part Q2
Added Parameter Stock= to Part R54
Added Parameter Stock= to Part R59
Added Parameter Stock= to Part R61
Added Parameter Stock= to Part R62
Added Parameter Stock= to Part R64
Added Parameter Stock= to Part R65
Added Parameter Stock= to Part R66
Added Parameter Stock= to Part R67
Added Parameter Stock= to Part R68
Added Parameter Stock= to Part R70
Added Parameter Stock= to Part R71
Added Parameter Stock= to Part R72
Added Parameter Stock= to Part R73
Added Parameter Stock= to Part U15
Added Parameter Stock= to Part U16
Added Parameter Supplier 2= to Part D4
Added Parameter Supplier part number 2= to Part D4
